<?xml version="1.0" encoding="UTF-8"?>
<testsuite name="org.example.SILab2Test" tests="1" skipped="0" failures="0" errors="0" timestamp="2023-05-29T15:41:11" hostname="ANDREJ" time="0.023">
  <properties/>
  <testcase name="multiplecondition()" classname="org.example.SILab2Test" time="0.023"/>
  <system-out><![CDATA[]]></system-out>
  <system-err><![CDATA[]]></system-err>
</testsuite>
